<?xml version="1.0" encoding="UTF-8"?>
<!-- Generated by org.testng.reporters.JUnitReportReporter -->
<testsuite hostname="Elion-Macbook" failures="0" tests="2" name="com.neotech.testcases.GroupsDemo" time="0.001" errors="0" timestamp="2024-04-23T20:53:56 EDT" skipped="0">
  <testcase classname="com.neotech.testcases.GroupsDemo" name="test1" time="0.000"/>
  <testcase classname="com.neotech.testcases.GroupsDemo" name="test2" time="0.001"/>
</testsuite> <!-- com.neotech.testcases.GroupsDemo -->
