<?xml version="1.0" encoding="UTF-8"?>
<!-- Generated by org.testng.reporters.JUnitReportReporter -->
<testsuite hostname="Elion-Macbook" failures="0" tests="2" name="com.neotech.testcases.AddEmployeeTest" time="415.216" errors="0" timestamp="2024-04-23T19:57:43 EDT" skipped="0">
  <testcase classname="com.neotech.testcases.AddEmployeeTest" name="addEmployee" time="208.177"/>
  <testcase classname="com.neotech.testcases.AddEmployeeTest" name="addEmployee" time="207.039"/>
</testsuite> <!-- com.neotech.testcases.AddEmployeeTest -->
