<?xml version="1.0" encoding="UTF-8"?>
<!-- Generated by org.testng.reporters.JUnitReportReporter -->
<testsuite hostname="Elion-Macbook" failures="0" tests="4" name="com.neotech.testcases.DataProviderDemo" time="0.005" errors="0" timestamp="2024-04-23T21:48:44 EDT" skipped="0">
  <testcase classname="com.neotech.testcases.DataProviderDemo" name="printInformation" time="0.003"/>
  <testcase classname="com.neotech.testcases.DataProviderDemo" name="printInformation" time="0.001"/>
  <testcase classname="com.neotech.testcases.DataProviderDemo" name="printInformation" time="0.001"/>
  <testcase classname="com.neotech.testcases.DataProviderDemo" name="printInformation" time="0.000"/>
</testsuite> <!-- com.neotech.testcases.DataProviderDemo -->
